# JRE version: OpenJDK Runtime Environment (17.0.6) (build 17.0.6+0-b2043.56-10027231)
# Java VM: OpenJDK 64-Bit Server VM (17.0.6+0-b2043.56-10027231, mixed mode, tiered, compressed oops, compressed class ptrs, g1 gc, windows-amd64)
GC Precious Log:
 CPUs: 8 total, 8 available
 Memory: 8025M
 Large Page Support: Disabled
 NUMA Support: Disabled
 Compressed Oops: Enabled (32-bit)
 Heap Region Size: 1M
 Heap Min Capacity: 8M
 Heap Initial Capacity: 126M
 Heap Max Capacity: 2G
 Pre-touch: Disabled
 Parallel Workers: 8
 Concurrent Workers: 2
 Concurrent Refinement Workers: 8
 Periodic GC: Disabled
Heap:
 garbage-first heap   total 121856K, used 94871K [0x0000000080000000, 0x0000000100000000)
  region size 1024K, 28 young (28672K), 4 survivors (4096K)
 Metaspace       used 56334K, committed 57024K, reserved 1105920K
  class space    used 7600K, committed 7936K, reserved 1048576K
GC Heap History (20 events):
Event: 14.515 GC heap before
{Heap before GC invocations=12 (full 0):
 garbage-first heap   total 87040K, used 66998K [0x0000000080000000, 0x0000000100000000)
  region size 1024K, 19 young (19456K), 2 survivors (2048K)
 Metaspace       used 39839K, committed 40256K, reserved 1089536K
  class space    used 5378K, committed 5568K, reserved 1048576K
}
Event: 14.524 GC heap after
{Heap after GC invocations=13 (full 0):
 garbage-first heap   total 87040K, used 52569K [0x0000000080000000, 0x0000000100000000)
  region size 1024K, 3 young (3072K), 3 survivors (3072K)
 Metaspace       used 39839K, committed 40256K, reserved 1089536K
  class space    used 5378K, committed 5568K, reserved 1048576K
}
Event: 15.109 GC heap before
{Heap before GC invocations=14 (full 0):
 garbage-first heap   total 92160K, used 67929K [0x0000000080000000, 0x0000000100000000)
  region size 1024K, 19 young (19456K), 3 survivors (3072K)
 Metaspace       used 41828K, committed 42240K, reserved 1089536K
  class space    used 5595K, committed 5760K, reserved 1048576K
}
Event: 15.115 GC heap after
{Heap after GC invocations=15 (full 0):
 garbage-first heap   total 92160K, used 55108K [0x0000000080000000, 0x0000000100000000)
  region size 1024K, 3 young (3072K), 3 survivors (3072K)
 Metaspace       used 41828K, committed 42240K, reserved 1089536K
  class space    used 5595K, committed 5760K, reserved 1048576K
}
Event: 15.383 GC heap before
{Heap before GC invocations=15 (full 0):
 garbage-first heap   total 92160K, used 69444K [0x0000000080000000, 0x0000000100000000)
  region size 1024K, 19 young (19456K), 3 survivors (3072K)
 Metaspace       used 42287K, committed 42688K, reserved 1089536K
  class space    used 5641K, committed 5824K, reserved 1048576K
}
Event: 15.386 GC heap after
{Heap after GC invocations=16 (full 0):
 garbage-first heap   total 92160K, used 56291K [0x0000000080000000, 0x0000000100000000)
  region size 1024K, 3 young (3072K), 3 survivors (3072K)
 Metaspace       used 42287K, committed 42688K, reserved 1089536K
  class space    used 5641K, committed 5824K, reserved 1048576K
}
Event: 16.094 GC heap before
{Heap before GC invocations=17 (full 0):
 garbage-first heap   total 104448K, used 75747K [0x0000000080000000, 0x0000000100000000)
  region size 1024K, 20 young (20480K), 3 survivors (3072K)
 Metaspace       used 45031K, committed 45440K, reserved 1089536K
  class space    used 5962K, committed 6144K, reserved 1048576K
}
Event: 16.099 GC heap after
{Heap after GC invocations=18 (full 0):
 garbage-first heap   total 104448K, used 57053K [0x0000000080000000, 0x0000000100000000)
  region size 1024K, 2 young (2048K), 2 survivors (2048K)
 Metaspace       used 45031K, committed 45440K, reserved 1089536K
  class space    used 5962K, committed 6144K, reserved 1048576K
}
Event: 16.820 GC heap before
{Heap before GC invocations=18 (full 0):
 garbage-first heap   total 104448K, used 68317K [0x0000000080000000, 0x0000000100000000)
  region size 1024K, 14 young (14336K), 2 survivors (2048K)
 Metaspace       used 46240K, committed 46656K, reserved 1089536K
  class space    used 6150K, committed 6336K, reserved 1048576K
}
Event: 16.824 GC heap after
{Heap after GC invocations=19 (full 0):
 garbage-first heap   total 104448K, used 58801K [0x0000000080000000, 0x0000000100000000)
  region size 1024K, 4 young (4096K), 4 survivors (4096K)
 Metaspace       used 46240K, committed 46656K, reserved 1089536K
  class space    used 6150K, committed 6336K, reserved 1048576K
}
Event: 17.016 GC heap before
{Heap before GC invocations=20 (full 0):
 garbage-first heap   total 109568K, used 61873K [0x0000000080000000, 0x0000000100000000)
  region size 1024K, 5 young (5120K), 4 survivors (4096K)
 Metaspace       used 46240K, committed 46656K, reserved 1089536K
  class space    used 6150K, committed 6336K, reserved 1048576K
}
Event: 17.019 GC heap after
{Heap after GC invocations=21 (full 0):
 garbage-first heap   total 109568K, used 62293K [0x0000000080000000, 0x0000000100000000)
  region size 1024K, 3 young (3072K), 3 survivors (3072K)
 Metaspace       used 46240K, committed 46656K, reserved 1089536K
  class space    used 6150K, committed 6336K, reserved 1048576K
}
Event: 17.394 GC heap before
{Heap before GC invocations=22 (full 0):
 garbage-first heap   total 114688K, used 74581K [0x0000000080000000, 0x0000000100000000)
  region size 1024K, 14 young (14336K), 3 survivors (3072K)
 Metaspace       used 46954K, committed 47424K, reserved 1097728K
  class space    used 6231K, committed 6464K, reserved 1048576K
}
Event: 17.397 GC heap after
{Heap after GC invocations=23 (full 0):
 garbage-first heap   total 114688K, used 67287K [0x0000000080000000, 0x0000000100000000)
  region size 1024K, 4 young (4096K), 4 survivors (4096K)
 Metaspace       used 46954K, committed 47424K, reserved 1097728K
  class space    used 6231K, committed 6464K, reserved 1048576K
}
Event: 18.112 GC heap before
{Heap before GC invocations=24 (full 0):
 garbage-first heap   total 117760K, used 88791K [0x0000000080000000, 0x0000000100000000)
  region size 1024K, 24 young (24576K), 4 survivors (4096K)
 Metaspace       used 49259K, committed 49792K, reserved 1097728K
  class space    used 6464K, committed 6656K, reserved 1048576K
}
Event: 18.116 GC heap after
{Heap after GC invocations=25 (full 0):
 garbage-first heap   total 117760K, used 68380K [0x0000000080000000, 0x0000000100000000)
  region size 1024K, 2 young (2048K), 2 survivors (2048K)
 Metaspace       used 49259K, committed 49792K, reserved 1097728K
  class space    used 6464K, committed 6656K, reserved 1048576K
}
Event: 19.038 GC heap before
{Heap before GC invocations=25 (full 0):
 garbage-first heap   total 117760K, used 90908K [0x0000000080000000, 0x0000000100000000)
  region size 1024K, 25 young (25600K), 2 survivors (2048K)
 Metaspace       used 51479K, committed 52032K, reserved 1097728K
  class space    used 6861K, committed 7104K, reserved 1048576K
}
Event: 19.042 GC heap after
{Heap after GC invocations=26 (full 0):
 garbage-first heap   total 117760K, used 69703K [0x0000000080000000, 0x0000000100000000)
  region size 1024K, 3 young (3072K), 3 survivors (3072K)
 Metaspace       used 51479K, committed 52032K, reserved 1097728K
  class space    used 6861K, committed 7104K, reserved 1048576K
}
Event: 20.986 GC heap before
{Heap before GC invocations=27 (full 0):
 garbage-first heap   total 121856K, used 94279K [0x0000000080000000, 0x0000000100000000)
  region size 1024K, 27 young (27648K), 3 survivors (3072K)
 Metaspace       used 54241K, committed 54848K, reserved 1097728K
  class space    used 7336K, committed 7616K, reserved 1048576K
}
Event: 20.993 GC heap after
{Heap after GC invocations=28 (full 0):
 garbage-first heap   total 121856K, used 71319K [0x0000000080000000, 0x0000000100000000)
  region size 1024K, 4 young (4096K), 4 survivors (4096K)
 Metaspace       used 54241K, committed 54848K, reserved 1097728K
  class space    used 7336K, committed 7616K, reserved 1048576K
}

