# JRE version: OpenJDK Runtime Environment (17.0.6) (build 17.0.6+0-b2043.56-10027231)
# Java VM: OpenJDK 64-Bit Server VM (17.0.6+0-b2043.56-10027231, mixed mode, tiered, compressed oops, compressed class ptrs, g1 gc, windows-amd64)
GC Precious Log:
 CPUs: 8 total, 8 available
 Memory: 8025M
 Large Page Support: Disabled
 NUMA Support: Disabled
 Compressed Oops: Enabled (32-bit)
 Heap Region Size: 1M
 Heap Min Capacity: 8M
 Heap Initial Capacity: 126M
 Heap Max Capacity: 2G
 Pre-touch: Disabled
 Parallel Workers: 8
 Concurrent Workers: 2
 Concurrent Refinement Workers: 8
 Periodic GC: Disabled
Heap:
 garbage-first heap   total 245760K, used 159943K [0x0000000080000000, 0x0000000100000000)
  region size 1024K, 8 young (8192K), 3 survivors (3072K)
 Metaspace       used 106884K, committed 107584K, reserved 1146880K
  class space    used 14325K, committed 14656K, reserved 1048576K
GC Heap History (20 events):
Event: 27.906 GC heap before
{Heap before GC invocations=40 (full 0):
 garbage-first heap   total 229376K, used 161160K [0x0000000080000000, 0x0000000100000000)
  region size 1024K, 65 young (66560K), 7 survivors (7168K)
 Metaspace       used 75954K, committed 76736K, reserved 1122304K
  class space    used 10652K, committed 11008K, reserved 1048576K
}
Event: 27.912 GC heap after
{Heap after GC invocations=41 (full 0):
 garbage-first heap   total 229376K, used 100713K [0x0000000080000000, 0x0000000100000000)
  region size 1024K, 5 young (5120K), 5 survivors (5120K)
 Metaspace       used 75954K, committed 76736K, reserved 1122304K
  class space    used 10652K, committed 11008K, reserved 1048576K
}
Event: 28.737 GC heap before
{Heap before GC invocations=41 (full 0):
 garbage-first heap   total 229376K, used 165225K [0x0000000080000000, 0x0000000100000000)
  region size 1024K, 68 young (69632K), 5 survivors (5120K)
 Metaspace       used 82198K, committed 82944K, reserved 1122304K
  class space    used 11491K, committed 11840K, reserved 1048576K
}
Event: 28.743 GC heap after
{Heap after GC invocations=42 (full 0):
 garbage-first heap   total 229376K, used 106043K [0x0000000080000000, 0x0000000100000000)
  region size 1024K, 9 young (9216K), 9 survivors (9216K)
 Metaspace       used 82198K, committed 82944K, reserved 1122304K
  class space    used 11491K, committed 11840K, reserved 1048576K
}
Event: 29.818 GC heap before
{Heap before GC invocations=42 (full 0):
 garbage-first heap   total 229376K, used 174651K [0x0000000080000000, 0x0000000100000000)
  region size 1024K, 72 young (73728K), 9 survivors (9216K)
 Metaspace       used 91408K, committed 92096K, reserved 1130496K
  class space    used 12640K, committed 12992K, reserved 1048576K
}
Event: 29.824 GC heap after
{Heap after GC invocations=43 (full 0):
 garbage-first heap   total 229376K, used 112438K [0x0000000080000000, 0x0000000100000000)
  region size 1024K, 3 young (3072K), 3 survivors (3072K)
 Metaspace       used 91408K, committed 92096K, reserved 1130496K
  class space    used 12640K, committed 12992K, reserved 1048576K
}
Event: 29.934 GC heap before
{Heap before GC invocations=43 (full 0):
 garbage-first heap   total 229376K, used 116534K [0x0000000080000000, 0x0000000100000000)
  region size 1024K, 8 young (8192K), 3 survivors (3072K)
 Metaspace       used 92333K, committed 93120K, reserved 1130496K
  class space    used 12771K, committed 13120K, reserved 1048576K
}
Event: 29.939 GC heap after
{Heap after GC invocations=44 (full 0):
 garbage-first heap   total 229376K, used 112529K [0x0000000080000000, 0x0000000100000000)
  region size 1024K, 3 young (3072K), 3 survivors (3072K)
 Metaspace       used 92333K, committed 93120K, reserved 1130496K
  class space    used 12771K, committed 13120K, reserved 1048576K
}
Event: 30.306 GC heap before
{Heap before GC invocations=45 (full 0):
 garbage-first heap   total 229376K, used 186257K [0x0000000080000000, 0x0000000100000000)
  region size 1024K, 70 young (71680K), 3 survivors (3072K)
 Metaspace       used 92502K, committed 93248K, reserved 1130496K
  class space    used 12780K, committed 13120K, reserved 1048576K
}
Event: 30.323 GC heap after
{Heap after GC invocations=46 (full 0):
 garbage-first heap   total 229376K, used 131555K [0x0000000080000000, 0x0000000100000000)
  region size 1024K, 9 young (9216K), 9 survivors (9216K)
 Metaspace       used 92502K, committed 93248K, reserved 1130496K
  class space    used 12780K, committed 13120K, reserved 1048576K
}
Event: 30.333 GC heap before
{Heap before GC invocations=46 (full 0):
 garbage-first heap   total 229376K, used 132579K [0x0000000080000000, 0x0000000100000000)
  region size 1024K, 11 young (11264K), 9 survivors (9216K)
 Metaspace       used 92502K, committed 93248K, reserved 1130496K
  class space    used 12780K, committed 13120K, reserved 1048576K
}
Event: 30.341 GC heap after
{Heap after GC invocations=47 (full 0):
 garbage-first heap   total 229376K, used 133626K [0x0000000080000000, 0x0000000100000000)
  region size 1024K, 1 young (1024K), 1 survivors (1024K)
 Metaspace       used 92502K, committed 93248K, reserved 1130496K
  class space    used 12780K, committed 13120K, reserved 1048576K
}
Event: 30.824 GC heap before
{Heap before GC invocations=47 (full 0):
 garbage-first heap   total 229376K, used 178682K [0x0000000080000000, 0x0000000100000000)
  region size 1024K, 45 young (46080K), 1 survivors (1024K)
 Metaspace       used 95997K, committed 96768K, reserved 1138688K
  class space    used 13192K, committed 13568K, reserved 1048576K
}
Event: 30.830 GC heap after
{Heap after GC invocations=48 (full 0):
 garbage-first heap   total 229376K, used 140974K [0x0000000080000000, 0x0000000100000000)
  region size 1024K, 6 young (6144K), 6 survivors (6144K)
 Metaspace       used 95997K, committed 96768K, reserved 1138688K
  class space    used 13192K, committed 13568K, reserved 1048576K
}
Event: 31.310 GC heap before
{Heap before GC invocations=49 (full 0):
 garbage-first heap   total 245760K, used 188078K [0x0000000080000000, 0x0000000100000000)
  region size 1024K, 46 young (47104K), 6 survivors (6144K)
 Metaspace       used 99388K, committed 100224K, reserved 1138688K
  class space    used 13552K, committed 13952K, reserved 1048576K
}
Event: 31.316 GC heap after
{Heap after GC invocations=50 (full 0):
 garbage-first heap   total 245760K, used 153235K [0x0000000080000000, 0x0000000100000000)
  region size 1024K, 6 young (6144K), 6 survivors (6144K)
 Metaspace       used 99388K, committed 100224K, reserved 1138688K
  class space    used 13552K, committed 13952K, reserved 1048576K
}
Event: 31.400 GC heap before
{Heap before GC invocations=50 (full 0):
 garbage-first heap   total 245760K, used 159379K [0x0000000080000000, 0x0000000100000000)
  region size 1024K, 12 young (12288K), 6 survivors (6144K)
 Metaspace       used 100256K, committed 101056K, reserved 1138688K
  class space    used 13629K, committed 14016K, reserved 1048576K
}
Event: 31.404 GC heap after
{Heap after GC invocations=51 (full 0):
 garbage-first heap   total 245760K, used 153859K [0x0000000080000000, 0x0000000100000000)
  region size 1024K, 1 young (1024K), 1 survivors (1024K)
 Metaspace       used 100256K, committed 101056K, reserved 1138688K
  class space    used 13629K, committed 14016K, reserved 1048576K
}
Event: 32.040 GC heap before
{Heap before GC invocations=51 (full 0):
 garbage-first heap   total 245760K, used 196867K [0x0000000080000000, 0x0000000100000000)
  region size 1024K, 43 young (44032K), 1 survivors (1024K)
 Metaspace       used 106392K, committed 107136K, reserved 1146880K
  class space    used 14257K, committed 14592K, reserved 1048576K
}
Event: 32.043 GC heap after
{Heap after GC invocations=52 (full 0):
 garbage-first heap   total 245760K, used 155847K [0x0000000080000000, 0x0000000100000000)
  region size 1024K, 3 young (3072K), 3 survivors (3072K)
 Metaspace       used 106392K, committed 107136K, reserved 1146880K
  class space    used 14257K, committed 14592K, reserved 1048576K
}

