# JRE version: OpenJDK Runtime Environment (17.0.6) (build 17.0.6+0-b2043.56-10027231)
# Java VM: OpenJDK 64-Bit Server VM (17.0.6+0-b2043.56-10027231, mixed mode, tiered, compressed oops, compressed class ptrs, g1 gc, windows-amd64)
GC Precious Log:
 CPUs: 8 total, 8 available
 Memory: 8025M
 Large Page Support: Disabled
 NUMA Support: Disabled
 Compressed Oops: Enabled (32-bit)
 Heap Region Size: 1M
 Heap Min Capacity: 8M
 Heap Initial Capacity: 126M
 Heap Max Capacity: 2G
 Pre-touch: Disabled
 Parallel Workers: 8
 Concurrent Workers: 2
 Concurrent Refinement Workers: 8
 Periodic GC: Disabled
Heap:
 garbage-first heap   total 352256K, used 173913K [0x0000000080000000, 0x0000000100000000)
  region size 1024K, 33 young (33792K), 14 survivors (14336K)
 Metaspace       used 102478K, committed 103232K, reserved 1138688K
  class space    used 13778K, committed 14144K, reserved 1048576K
GC Heap History (20 events):
Event: 18.808 GC heap before
{Heap before GC invocations=36 (full 0):
 garbage-first heap   total 176128K, used 136281K [0x0000000080000000, 0x0000000100000000)
  region size 1024K, 38 young (38912K), 3 survivors (3072K)
 Metaspace       used 72971K, committed 73728K, reserved 1114112K
  class space    used 10230K, committed 10560K, reserved 1048576K
}
Event: 18.812 GC heap after
{Heap after GC invocations=37 (full 0):
 garbage-first heap   total 176128K, used 97393K [0x0000000080000000, 0x0000000100000000)
  region size 1024K, 5 young (5120K), 5 survivors (5120K)
 Metaspace       used 72971K, committed 73728K, reserved 1114112K
  class space    used 10230K, committed 10560K, reserved 1048576K
}
Event: 18.847 GC heap before
{Heap before GC invocations=37 (full 0):
 garbage-first heap   total 176128K, used 100465K [0x0000000080000000, 0x0000000100000000)
  region size 1024K, 8 young (8192K), 5 survivors (5120K)
 Metaspace       used 73212K, committed 73984K, reserved 1114112K
  class space    used 10263K, committed 10624K, reserved 1048576K
}
Event: 18.853 GC heap after
{Heap after GC invocations=38 (full 0):
 garbage-first heap   total 176128K, used 97942K [0x0000000080000000, 0x0000000100000000)
  region size 1024K, 1 young (1024K), 1 survivors (1024K)
 Metaspace       used 73212K, committed 73984K, reserved 1114112K
  class space    used 10263K, committed 10624K, reserved 1048576K
}
Event: 20.203 GC heap before
{Heap before GC invocations=38 (full 0):
 garbage-first heap   total 176128K, used 139926K [0x0000000080000000, 0x0000000100000000)
  region size 1024K, 42 young (43008K), 1 survivors (1024K)
 Metaspace       used 78195K, committed 78912K, reserved 1122304K
  class space    used 10963K, committed 11264K, reserved 1048576K
}
Event: 20.206 GC heap after
{Heap after GC invocations=39 (full 0):
 garbage-first heap   total 176128K, used 99387K [0x0000000080000000, 0x0000000100000000)
  region size 1024K, 3 young (3072K), 3 survivors (3072K)
 Metaspace       used 78195K, committed 78912K, reserved 1122304K
  class space    used 10963K, committed 11264K, reserved 1048576K
}
Event: 21.013 GC heap before
{Heap before GC invocations=40 (full 0):
 garbage-first heap   total 176128K, used 141371K [0x0000000080000000, 0x0000000100000000)
  region size 1024K, 44 young (45056K), 3 survivors (3072K)
 Metaspace       used 82149K, committed 82880K, reserved 1122304K
  class space    used 11487K, committed 11840K, reserved 1048576K
}
Event: 21.019 GC heap after
{Heap after GC invocations=41 (full 0):
 garbage-first heap   total 176128K, used 103626K [0x0000000080000000, 0x0000000100000000)
  region size 1024K, 6 young (6144K), 6 survivors (6144K)
 Metaspace       used 82149K, committed 82880K, reserved 1122304K
  class space    used 11487K, committed 11840K, reserved 1048576K
}
Event: 21.059 GC heap before
{Heap before GC invocations=41 (full 0):
 garbage-first heap   total 176128K, used 105674K [0x0000000080000000, 0x0000000100000000)
  region size 1024K, 8 young (8192K), 6 survivors (6144K)
 Metaspace       used 82162K, committed 82880K, reserved 1122304K
  class space    used 11487K, committed 11840K, reserved 1048576K
}
Event: 21.071 GC heap after
{Heap after GC invocations=42 (full 0):
 garbage-first heap   total 176128K, used 104176K [0x0000000080000000, 0x0000000100000000)
  region size 1024K, 1 young (1024K), 1 survivors (1024K)
 Metaspace       used 82162K, committed 82880K, reserved 1122304K
  class space    used 11487K, committed 11840K, reserved 1048576K
}
Event: 21.976 GC heap before
{Heap before GC invocations=42 (full 0):
 garbage-first heap   total 176128K, used 148208K [0x0000000080000000, 0x0000000100000000)
  region size 1024K, 40 young (40960K), 1 survivors (1024K)
 Metaspace       used 86308K, committed 87040K, reserved 1130496K
  class space    used 12013K, committed 12352K, reserved 1048576K
}
Event: 21.982 GC heap after
{Heap after GC invocations=43 (full 0):
 garbage-first heap   total 176128K, used 114153K [0x0000000080000000, 0x0000000100000000)
  region size 1024K, 5 young (5120K), 5 survivors (5120K)
 Metaspace       used 86308K, committed 87040K, reserved 1130496K
  class space    used 12013K, committed 12352K, reserved 1048576K
}
Event: 22.693 GC heap before
{Heap before GC invocations=43 (full 0):
 garbage-first heap   total 176128K, used 144873K [0x0000000080000000, 0x0000000100000000)
  region size 1024K, 36 young (36864K), 5 survivors (5120K)
 Metaspace       used 91982K, committed 92736K, reserved 1130496K
  class space    used 12728K, committed 13056K, reserved 1048576K
}
Event: 22.699 GC heap after
{Heap after GC invocations=44 (full 0):
 garbage-first heap   total 176128K, used 116027K [0x0000000080000000, 0x0000000100000000)
  region size 1024K, 2 young (2048K), 2 survivors (2048K)
 Metaspace       used 91982K, committed 92736K, reserved 1130496K
  class space    used 12728K, committed 13056K, reserved 1048576K
}
Event: 22.968 GC heap before
{Heap before GC invocations=44 (full 0):
 garbage-first heap   total 176128K, used 152891K [0x0000000080000000, 0x0000000100000000)
  region size 1024K, 32 young (32768K), 2 survivors (2048K)
 Metaspace       used 92515K, committed 93248K, reserved 1130496K
  class space    used 12781K, committed 13120K, reserved 1048576K
}
Event: 22.978 GC heap after
{Heap after GC invocations=45 (full 0):
 garbage-first heap   total 176128K, used 124510K [0x0000000080000000, 0x0000000100000000)
  region size 1024K, 4 young (4096K), 4 survivors (4096K)
 Metaspace       used 92515K, committed 93248K, reserved 1130496K
  class space    used 12781K, committed 13120K, reserved 1048576K
}
Event: 23.122 GC heap before
{Heap before GC invocations=45 (full 0):
 garbage-first heap   total 176128K, used 146014K [0x0000000080000000, 0x0000000100000000)
  region size 1024K, 25 young (25600K), 4 survivors (4096K)
 Metaspace       used 92582K, committed 93312K, reserved 1130496K
  class space    used 12781K, committed 13120K, reserved 1048576K
}
Event: 23.134 GC heap after
{Heap after GC invocations=46 (full 0):
 garbage-first heap   total 352256K, used 131209K [0x0000000080000000, 0x0000000100000000)
  region size 1024K, 4 young (4096K), 4 survivors (4096K)
 Metaspace       used 92582K, committed 93312K, reserved 1130496K
  class space    used 12781K, committed 13120K, reserved 1048576K
}
Event: 25.057 GC heap before
{Heap before GC invocations=46 (full 0):
 garbage-first heap   total 352256K, used 242825K [0x0000000080000000, 0x0000000100000000)
  region size 1024K, 108 young (110592K), 4 survivors (4096K)
 Metaspace       used 99558K, committed 100288K, reserved 1138688K
  class space    used 13555K, committed 13888K, reserved 1048576K
}
Event: 25.261 GC heap after
{Heap after GC invocations=47 (full 0):
 garbage-first heap   total 352256K, used 155481K [0x0000000080000000, 0x0000000100000000)
  region size 1024K, 14 young (14336K), 14 survivors (14336K)
 Metaspace       used 99558K, committed 100288K, reserved 1138688K
  class space    used 13555K, committed 13888K, reserved 1048576K
}

